<?xml version="1.0" encoding="UTF-8"?>
<testsuite xmlns:xsi="http://www.w3.org/2001/XMLSchema-instance" xsi:noNamespaceSchemaLocation="https://maven.apache.org/surefire/maven-surefire-plugin/xsd/surefire-test-report.xsd" name="StudentAnalyzerTest" time="0.022" tests="6" errors="0" skipped="0" failures="0">
  <properties>
[...]
</properties>
  <testcase name="testCalculateValidAverage_AllInvalid" classname="StudentAnalyzerTest" time="0.015"/>
  <testcase name="testCountExcellentStudents_NormalMix" classname="StudentAnalyzerTest" time="0"/>
  <testcase name="testCountExcellentStudents_Boundary" classname="StudentAnalyzerTest" time="0.001"/>
  <testcase name="testCalculateValidAverage_EmptyList" classname="StudentAnalyzerTest" time="0"/>
  <testcase name="testCountExcellentStudents_EmptyList" classname="StudentAnalyzerTest" time="0.001"/>
  <testcase name="testCalculateValidAverage_NormalMix" classname="StudentAnalyzerTest" time="0"/>
</testsuite>